RPSBLAST 2.2.28+


Reference: Stephen F. Altschul, Thomas L. Madden, Alejandro A.
Schaffer, Jinghui Zhang, Zheng Zhang, Webb Miller, and David J.
Lipman (1997), "Gapped BLAST and PSI-BLAST: a new generation of
protein database search programs", Nucleic Acids Res. 25:3389-3402.



Database: cdd
           44,354 sequences; 10,937,602 total letters



Query= 1

Length=46

RID: AH0RFD33014


***** No hits found *****



Lambda      K        H
   0.320    0.134    0.438 

Gapped
Lambda      K        H
   0.267   0.0410    0.140 

Effective search space used: 124227000


  Database: cdd
    Posted date:  Feb 19, 2013 02:43 PM
  Number of letters in database: 10,937,602
  Number of sequences in database:  44,354



Matrix: BLOSUM62
Gap Penalties: Existence: 0, Extension: 0
Window for multiple hits: 40
