RPSBLAST 2.2.28+


Reference: Stephen F. Altschul, Thomas L. Madden, Alejandro A.
Schaffer, Jinghui Zhang, Zheng Zhang, Webb Miller, and David J.
Lipman (1997), "Gapped BLAST and PSI-BLAST: a new generation of
protein database search programs", Nucleic Acids Res. 25:3389-3402.



Database: cdd
           44,354 sequences; 10,937,602 total letters



Query= SFDSFGDSFGD

Length=23

RID: A8DNRK4T014


***** No hits found *****



Lambda      K        H
    0.00     0.00     0.00 

Gapped
Lambda      K        H
    0.00     0.00     0.00 

Effective search space used: 0


  Database: cdd
    Posted date:  Feb 19, 2013 02:43 PM
  Number of letters in database: 10,937,602
  Number of sequences in database:  44,354



Matrix: 