# ../../cgi-bin/seq-search/bin/ssearch35 -Q -s BL80 -b 10 -d 10 -E 20.0 -T 8 ../../tmp/simi_search_tmp/BaU7O68HIuHV1CCQjT/BaU7O68HIuHV1CCQjT.in ./database/DRAMP.fa
SSEARCH searches a sequence data bank
 version 36.05 March, 2010
Please cite:
 T. F. Smith and M. S. Waterman, (1981) J. Mol. Biol. 147:195-197; 
 W.R. Pearson (1991) Genomics 11:635-650

Query: ../../tmp/simi_search_tmp/BaU7O68HIuHV1CCQjT/BaU7O68HIuHV1CCQjT.in
  1>>>1 - 5 aa
Library: ./database/DRAMP.fa
   517387 residues in 18013 sequences

       opt      E()
< 20     0     0:
  22     0     0:           one = represents 32 library sequences
  24     2     0:=
  26    11     0:=
  28    27     4:*
  30    45    25:*=
  32    72    96:==*
  34   261   260:========*
  36   695   534:================*=====
  38  1018   883:===========================*====
  40  1592  1232:======================================*===========
  42  1342  1506:==========================================     *
  44  1096  1661:===================================                *
  46  1599  1692:==================================================  *
  48  1383  1620:============================================      *
  50  1682  1478:==============================================*======
  52  1578  1300:========================================*=========
  54  1883  1110:==================================*========================
  56  1100   927:============================*======
  58   757   761:=======================*
  60   580   617:===================*
  62   403   494:=============  *
  64   279   393:=========   *
  66   180   311:======   *
  68   118   244:====   *
  70   106   192:==== *
  72    73   150:=== *
  74    49   117:== *
  76    25    91:= *
  78    29    71:= *
  80     5    55:=*
  82    10    42:=*
  84     5    33:=*
  86     5    26:*
  88     1    20:*          inset = represents 1 library sequences
  90     1    15:*
  92     1    12:*         :=          *
  94     0     9:*         :        *
  96     0     7:*         :      *
  98     0     6:*         :     *
 100     0     4:*         :   *
 102     0     3:*         :  *
 104     0     3:*         :  *
 106     0     2:*         : *
 108     0     2:*         : *
 110     0     1:*         :*
 112     0     1:*         :*
 114     0     1:*         :*
 116     0     1:*         :*
 118     0     0:          *
>120     0     0:          *
   517387 residues in 18013 sequences
Statistics: MLE_cen statistics: Lambda= 0.3424;  K=0.04243 (cen=900)
 statistics sampled from 18013 (18013) to 18013 sequences
 Kolmogorov-Smirnov  statistic: 0.0587 (N=29) at  56
Algorithm: Smith-Waterman (SSE2, Michael Farrar 2006) (7.1 Aug 2009)
Parameters: BL80 matrix (11:-6), open/ext: -10/-2
 Scan time:  0.070
!! No sequences with E() < 20


5 residues in 1 query   sequences
517387 residues in 18013 library sequences
 Scomplib [36.05]
 start: Sat Dec 14 14:34:12 2013 done: Sat Dec 14 14:34:12 2013
 Total Scan time:  0.070 Total Display time:  0.000

Function used was SSEARCH [version 36.05 March, 2010]
