# ../../cgi-bin/seq-search/bin/ssearch35 -Q -s BL62 -b 10 -d 10 -E 20.0 -T 8 ../../tmp/simi_search_tmp/16A7y3RGKgOi1UtCMX/16A7y3RGKgOi1UtCMX.in ./database/DRAMP.fa
SSEARCH searches a sequence data bank
 version 36.05 March, 2010
Please cite:
 T. F. Smith and M. S. Waterman, (1981) J. Mol. Biol. 147:195-197; 
 W.R. Pearson (1991) Genomics 11:635-650

Query: ../../tmp/simi_search_tmp/16A7y3RGKgOi1UtCMX/16A7y3RGKgOi1UtCMX.in
  1>>>sfsadfsad - 24 aa
Library: ./database/DRAMP.fa
   517387 residues in 18013 sequences

       opt      E()
< 20  3183     0:===========================================================
  22    12     0:=          one = represents 54 library sequences
  24     5     0:=
  26    13     0:=
  28    38     4:*
  30    90    25:*=
  32   101    96:=*
  34   210   260:====*
  36   335   534:=======  *
  38   658   883:=============   *
  40   894  1232:=================     *
  42  1184  1506:======================     *
  44  1328  1661:=========================     *
  46  1333  1692:=========================      *
  48  1318  1620:=========================    *
  50  1177  1478:======================     *
  52  1092  1300:=====================   *
  54  1070  1110:====================*
  56  1030   927:=================*==
  58   661   761:============= *
  60   553   617:===========*
  62   361   494:=======  *
  64   348   393:=======*
  66   207   311:==== *
  68   188   244:====*
  70   137   192:===*
  72   124   150:==*
  74    85   117:==*
  76    64    91:=*
  78    62    71:=*
  80    66    55:=*
  82    23    42:*
  84    27    33:*
  86    10    26:*
  88     8    20:*          inset = represents 1 library sequences
  90     4    15:*
  92     6    12:*         :======     *
  94     2     9:*         :==      *
  96     3     7:*         :===   *
  98     1     6:*         :=    *
 100     1     4:*         :=  *
 102     0     3:*         :  *
 104     1     3:*         := *
 106     0     2:*         : *
 108     0     2:*         : *
 110     0     1:*         :*
 112     0     1:*         :*
 114     0     1:*         :*
 116     0     1:*         :*
 118     0     0:          *
>120     0     0:          *
   517387 residues in 18013 sequences
Statistics:  Expectation_n fit: rho(ln(x))= 5.6304+/-0.000466; mu= -6.6690+/- 0.016
 mean_var=19.7482+/- 4.546, 0's: 3153 Z-trim: 3181  B-trim: 1585 in 1/23
 Lambda= 0.288609
 statistics sampled from 18013 (18013) to 18013 sequences
 Kolmogorov-Smirnov  statistic: 0.2113 (N=29) at  88
Algorithm: Smith-Waterman (SSE2, Michael Farrar 2006) (7.1 Aug 2009)
Parameters: BL62 matrix (11:-4), open/ext: -7/-1
 Scan time:  0.080

The best scores are:                                      s-w bits E(18013)
DRAMP12728                                         (  33)   37 20.4      10
DRAMP12792                                         (  37)   36 19.9      16

>>DRAMP12728                                              (33 aa)
 s-w opt:  37  Z-score: 104.0  bits: 20.4 E(18013):   10
Smith-Waterman score: 37; 63.6% identity (81.8% similar) in 11 aa overlap (13-23:1-11)

               10        20                         
sfsadf FASDASDVSAVDSAVSDCVSDSDA                     
                   :: : :..:::                      
DRAMP1             SAFSGCMNDSDCPDLFCLPPLDMKCHELVCKCR
                           10        20        30   

>>DRAMP12792                                              (37 aa)
 s-w opt:  36  Z-score: 100.3  bits: 19.9 E(18013):   16
Smith-Waterman score: 36; 58.3% identity (83.3% similar) in 12 aa overlap (12-23:3-14)

               10        20                          
sfsadf FASDASDVSAVDSAVSDCVSDSDA                      
                  :.  ..::::::                       
DRAMP1          EPDDNQKNCVSDSDCYKKFHLPRHFIMKCIKNRCTFV
                        10        20        30       



24 residues in 1 query   sequences
517387 residues in 18013 library sequences
 Scomplib [36.05]
 start: Fri Dec 13 22:49:13 2013 done: Fri Dec 13 22:49:13 2013
 Total Scan time:  0.080 Total Display time:  0.000

Function used was SSEARCH [version 36.05 March, 2010]
