BLASTP 2.2.25+


Reference: Stephen F. Altschul, Thomas L. Madden, Alejandro A.
Schaffer, Jinghui Zhang, Zheng Zhang, Webb Miller, and David J.
Lipman (1997), "Gapped BLAST and PSI-BLAST: a new generation of
protein database search programs", Nucleic Acids Res. 25:3389-3402.



Reference for composition-based statistics: Alejandro A. Schaffer,
L. Aravind, Thomas L. Madden, Sergei Shavirin, John L. Spouge, Yuri
I. Wolf, Eugene V. Koonin, and Stephen F. Altschul (2001),
"Improving the accuracy of PSI-BLAST protein database searches with
composition-based statistics and other refinements", Nucleic Acids
Res. 29:2994-3005.



Database: DRAMP.fa
           18,013 sequences; 517,387 total letters



Query= DDDC

Length=18
                                                                      Score     E
Sequences producing significant alignments:                          (Bits)  Value

  DRAMP04684                                                          35.8    2e-04
  DRAMP04706                                                          31.6    0.003
  DRAMP04700                                                          31.6    0.003
  DRAMP04694                                                          31.6    0.003
  DRAMP04702                                                          31.6    0.003
  DRAMP04696                                                          31.6    0.003
  DRAMP04690                                                          31.6    0.003
  DRAMP03828                                                          31.6    0.003
  DRAMP06340                                                          31.2    0.003
  DRAMP04703                                                          31.2    0.004
  DRAMP04697                                                          31.2    0.004
  DRAMP04691                                                          31.2    0.004
  DRAMP04705                                                          30.8    0.004
  DRAMP04699                                                          30.8    0.004
  DRAMP04693                                                          30.8    0.004
  DRAMP04704                                                          30.8    0.005
  DRAMP04698                                                          30.8    0.005
  DRAMP04692                                                          30.8    0.005
  DRAMP04701                                                          30.4    0.006
  DRAMP04695                                                          30.4    0.006
  DRAMP04689                                                          30.4    0.006
  DRAMP03827                                                          30.4    0.006
  DRAMP04681                                                          28.1    0.032
  DRAMP04708                                                          27.7    0.040
  DRAMP13608                                                          24.3    0.52 
  DRAMP06228                                                          23.5    0.75 
  DRAMP13605                                                          23.5    0.76 
  DRAMP06375                                                          23.5    0.76 
  DRAMP02912                                                          23.5    0.76 
  DRAMP08935                                                          23.5    0.89 
  DRAMP06312                                                          22.7    1.2  
  DRAMP06320                                                          22.3    1.6  
  DRAMP06314                                                          22.3    1.7  
  DRAMP06311                                                          21.6    2.8  
  DRAMP13626                                                          20.8    5.7  


> DRAMP04684
Length=18

 Score = 35.8 bits (81),  Expect = 2e-04, Method: Compositional matrix adjust.
 Identities = 18/18 (100%), Positives = 18/18 (100%), Gaps = 0/18 (0%)

Query  1   KNLRRTIRKIIHIIKKYG  18
           KNLRRTIRKIIHIIKKYG
Sbjct  1   KNLRRTIRKIIHIIKKYG  18


> DRAMP04706
Length=18

 Score = 31.6 bits (70),  Expect = 0.003, Method: Compositional matrix adjust.
 Identities = 16/18 (89%), Positives = 16/18 (89%), Gaps = 0/18 (0%)

Query  1   KNLRRTIRKIIHIIKKYG  18
           KNLRR IRKI HIIKKYG
Sbjct  1   KNLRRIIRKIAHIIKKYG  18


> DRAMP04700
Length=18

 Score = 31.6 bits (70),  Expect = 0.003, Method: Compositional matrix adjust.
 Identities = 16/18 (89%), Positives = 16/18 (89%), Gaps = 0/18 (0%)

Query  1   KNLRRTIRKIIHIIKKYG  18
           KNLRR IRK IHIIKKYG
Sbjct  1   KNLRRIIRKAIHIIKKYG  18


> DRAMP04694
Length=18

 Score = 31.6 bits (70),  Expect = 0.003, Method: Compositional matrix adjust.
 Identities = 16/18 (89%), Positives = 16/18 (89%), Gaps = 0/18 (0%)

Query  1   KNLRRTIRKIIHIIKKYG  18
           KNLRR  RKIIHIIKKYG
Sbjct  1   KNLRRIARKIIHIIKKYG  18


> DRAMP04702
Length=18

 Score = 31.6 bits (70),  Expect = 0.003, Method: Compositional matrix adjust.
 Identities = 16/18 (89%), Positives = 16/18 (89%), Gaps = 0/18 (0%)

Query  1   KNLRRTIRKIIHIIKKYG  18
           KNLRR IRKI HIIKKYG
Sbjct  1   KNLRRIIRKITHIIKKYG  18


> DRAMP04696
Length=18

 Score = 31.6 bits (70),  Expect = 0.003, Method: Compositional matrix adjust.
 Identities = 16/18 (89%), Positives = 16/18 (89%), Gaps = 0/18 (0%)

Query  1   KNLRRTIRKIIHIIKKYG  18
           KNLRR IRK IHIIKKYG
Sbjct  1   KNLRRIIRKTIHIIKKYG  18


> DRAMP04690
Length=18

 Score = 31.6 bits (70),  Expect = 0.003, Method: Compositional matrix adjust.
 Identities = 16/18 (89%), Positives = 16/18 (89%), Gaps = 0/18 (0%)

Query  1   KNLRRTIRKIIHIIKKYG  18
           KNLRR  RKIIHIIKKYG
Sbjct  1   KNLRRITRKIIHIIKKYG  18


> DRAMP03828
Length=18

 Score = 31.6 bits (70),  Expect = 0.003, Method: Compositional matrix adjust.
 Identities = 16/18 (89%), Positives = 16/18 (89%), Gaps = 0/18 (0%)

Query  1   KNLRRTIRKIIHIIKKYG  18
           KNLRR  RKIIHIIKKYG
Sbjct  1   KNLRRITRKIIHIIKKYG  18


> DRAMP06340
Length=36

 Score = 31.2 bits (69),  Expect = 0.003, Method: Compositional matrix adjust.
 Identities = 16/18 (89%), Positives = 16/18 (89%), Gaps = 0/18 (0%)

Query  1   KNLRRTIRKIIHIIKKYG  18
           KNLRR IRK IHIIKKYG
Sbjct  19  KNLRRIIRKGIHIIKKYG  36


> DRAMP04703
Length=18

 Score = 31.2 bits (69),  Expect = 0.004, Method: Compositional matrix adjust.
 Identities = 16/18 (89%), Positives = 16/18 (89%), Gaps = 0/18 (0%)

Query  1   KNLRRTIRKIIHIIKKYG  18
           KNLRR IRKI HIIKKYG
Sbjct  1   KNLRRIIRKISHIIKKYG  18


> DRAMP04697
Length=18

 Score = 31.2 bits (69),  Expect = 0.004, Method: Compositional matrix adjust.
 Identities = 16/18 (89%), Positives = 16/18 (89%), Gaps = 0/18 (0%)

Query  1   KNLRRTIRKIIHIIKKYG  18
           KNLRR IRK IHIIKKYG
Sbjct  1   KNLRRIIRKSIHIIKKYG  18


> DRAMP04691
Length=18

 Score = 31.2 bits (69),  Expect = 0.004, Method: Compositional matrix adjust.
 Identities = 16/18 (89%), Positives = 16/18 (89%), Gaps = 0/18 (0%)

Query  1   KNLRRTIRKIIHIIKKYG  18
           KNLRR  RKIIHIIKKYG
Sbjct  1   KNLRRISRKIIHIIKKYG  18


> DRAMP04705
Length=18

 Score = 30.8 bits (68),  Expect = 0.004, Method: Compositional matrix adjust.
 Identities = 16/18 (89%), Positives = 16/18 (89%), Gaps = 0/18 (0%)

Query  1   KNLRRTIRKIIHIIKKYG  18
           KNLRR IRKI HIIKKYG
Sbjct  1   KNLRRIIRKIDHIIKKYG  18


> DRAMP04699
Length=18

 Score = 30.8 bits (68),  Expect = 0.004, Method: Compositional matrix adjust.
 Identities = 16/18 (89%), Positives = 16/18 (89%), Gaps = 0/18 (0%)

Query  1   KNLRRTIRKIIHIIKKYG  18
           KNLRR IRK IHIIKKYG
Sbjct  1   KNLRRIIRKDIHIIKKYG  18


> DRAMP04693
Length=18

 Score = 30.8 bits (68),  Expect = 0.004, Method: Compositional matrix adjust.
 Identities = 16/18 (89%), Positives = 16/18 (89%), Gaps = 0/18 (0%)

Query  1   KNLRRTIRKIIHIIKKYG  18
           KNLRR  RKIIHIIKKYG
Sbjct  1   KNLRRIDRKIIHIIKKYG  18


> DRAMP04704
Length=18

 Score = 30.8 bits (68),  Expect = 0.005, Method: Compositional matrix adjust.
 Identities = 16/18 (89%), Positives = 16/18 (89%), Gaps = 0/18 (0%)

Query  1   KNLRRTIRKIIHIIKKYG  18
           KNLRR IRKI HIIKKYG
Sbjct  1   KNLRRIIRKIEHIIKKYG  18


> DRAMP04698
Length=18

 Score = 30.8 bits (68),  Expect = 0.005, Method: Compositional matrix adjust.
 Identities = 16/18 (89%), Positives = 16/18 (89%), Gaps = 0/18 (0%)

Query  1   KNLRRTIRKIIHIIKKYG  18
           KNLRR IRK IHIIKKYG
Sbjct  1   KNLRRIIRKEIHIIKKYG  18


> DRAMP04692
Length=18

 Score = 30.8 bits (68),  Expect = 0.005, Method: Compositional matrix adjust.
 Identities = 16/18 (89%), Positives = 16/18 (89%), Gaps = 0/18 (0%)

Query  1   KNLRRTIRKIIHIIKKYG  18
           KNLRR  RKIIHIIKKYG
Sbjct  1   KNLRRIERKIIHIIKKYG  18


> DRAMP04701
Length=18

 Score = 30.4 bits (67),  Expect = 0.006, Method: Compositional matrix adjust.
 Identities = 16/18 (89%), Positives = 16/18 (89%), Gaps = 0/18 (0%)

Query  1   KNLRRTIRKIIHIIKKYG  18
           KNLRR IRKI HIIKKYG
Sbjct  1   KNLRRIIRKIGHIIKKYG  18


> DRAMP04695
Length=18

 Score = 30.4 bits (67),  Expect = 0.006, Method: Compositional matrix adjust.
 Identities = 16/18 (89%), Positives = 16/18 (89%), Gaps = 0/18 (0%)

Query  1   KNLRRTIRKIIHIIKKYG  18
           KNLRR IRK IHIIKKYG
Sbjct  1   KNLRRIIRKGIHIIKKYG  18


> DRAMP04689
Length=18

 Score = 30.4 bits (67),  Expect = 0.006, Method: Compositional matrix adjust.
 Identities = 16/18 (89%), Positives = 16/18 (89%), Gaps = 0/18 (0%)

Query  1   KNLRRTIRKIIHIIKKYG  18
           KNLRR  RKIIHIIKKYG
Sbjct  1   KNLRRIGRKIIHIIKKYG  18


> DRAMP03827
Length=18

 Score = 30.4 bits (67),  Expect = 0.006, Method: Compositional matrix adjust.
 Identities = 16/18 (89%), Positives = 16/18 (89%), Gaps = 0/18 (0%)

Query  1   KNLRRTIRKIIHIIKKYG  18
           KNLRR IRK IHIIKKYG
Sbjct  1   KNLRRIIRKGIHIIKKYG  18


> DRAMP04681
Length=18

 Score = 28.1 bits (61),  Expect = 0.032, Method: Compositional matrix adjust.
 Identities = 14/18 (78%), Positives = 14/18 (78%), Gaps = 0/18 (0%)

Query  1   KNLRRTIRKIIHIIKKYG  18
           KNLRR  RK  HIIKKYG
Sbjct  1   KNLRRXXRKXXHIIKKYG  18


> DRAMP04708
Length=18

 Score = 27.7 bits (60),  Expect = 0.040, Method: Compositional matrix adjust.
 Identities = 15/18 (84%), Positives = 15/18 (84%), Gaps = 0/18 (0%)

Query  1   KNLRRTIRKIIHIIKKYG  18
           K LRR IRK IHIIKKYG
Sbjct  1   KRLRRIIRKGIHIIKKYG  18


> DRAMP13608
Length=18

 Score = 24.3 bits (51),  Expect = 0.52, Method: Compositional matrix adjust.
 Identities = 11/18 (62%), Positives = 13/18 (73%), Gaps = 0/18 (0%)

Query  1   KNLRRTIRKIIHIIKKYG  18
           + LRR  RKI H +KKYG
Sbjct  1   RGLRRLGRKIAHGVKKYG  18


> DRAMP06228
Length=30

 Score = 23.5 bits (49),  Expect = 0.75, Method: Compositional matrix adjust.
 Identities = 11/18 (62%), Positives = 13/18 (73%), Gaps = 0/18 (0%)

Query  1   KNLRRTIRKIIHIIKKYG  18
           + LRR  RKI H +KKYG
Sbjct  1   RGLRRLGRKIAHGVKKYG  18


> DRAMP13605
Length=29

 Score = 23.5 bits (49),  Expect = 0.76, Method: Compositional matrix adjust.
 Identities = 11/18 (62%), Positives = 13/18 (73%), Gaps = 0/18 (0%)

Query  1   KNLRRTIRKIIHIIKKYG  18
           + LRR  RKI H +KKYG
Sbjct  1   RGLRRLGRKIAHGVKKYG  18


> DRAMP06375
Length=29

 Score = 23.5 bits (49),  Expect = 0.76, Method: Compositional matrix adjust.
 Identities = 11/18 (62%), Positives = 13/18 (73%), Gaps = 0/18 (0%)

Query  1   KNLRRTIRKIIHIIKKYG  18
           + LRR  RKI H +KKYG
Sbjct  1   RGLRRLGRKIAHGVKKYG  18


> DRAMP02912
Length=29

 Score = 23.5 bits (49),  Expect = 0.76, Method: Compositional matrix adjust.
 Identities = 11/18 (62%), Positives = 13/18 (73%), Gaps = 0/18 (0%)

Query  1   KNLRRTIRKIIHIIKKYG  18
           + LRR  RKI H +KKYG
Sbjct  1   RGLRRLGRKIAHGVKKYG  18


> DRAMP08935
Length=28

 Score = 23.5 bits (49),  Expect = 0.89, Method: Compositional matrix adjust.
 Identities = 11/18 (62%), Positives = 13/18 (73%), Gaps = 0/18 (0%)

Query  1   KNLRRTIRKIIHIIKKYG  18
           + LRR  RKI H +KKYG
Sbjct  1   RGLRRLGRKIAHGVKKYG  18


> DRAMP06312
Length=35

 Score = 22.7 bits (47),  Expect = 1.2, Method: Compositional matrix adjust.
 Identities = 14/17 (83%), Positives = 14/17 (83%), Gaps = 1/17 (5%)

Query  1   KNLRRTIRKIIHIIKKY  17
           KNLR  IRK IHIIKKY
Sbjct  20  KNLR-IIRKGIHIIKKY  35


> DRAMP06320
Length=27

 Score = 22.3 bits (46),  Expect = 1.6, Method: Compositional matrix adjust.
 Identities = 14/17 (83%), Positives = 14/17 (83%), Gaps = 1/17 (5%)

Query  1   KNLRRTIRKIIHIIKKY  17
           KNLR  IRK IHIIKKY
Sbjct  12  KNLR-IIRKGIHIIKKY  27


> DRAMP06314
Length=27

 Score = 22.3 bits (46),  Expect = 1.7, Method: Compositional matrix adjust.
 Identities = 14/17 (83%), Positives = 14/17 (83%), Gaps = 1/17 (5%)

Query  1   KNLRRTIRKIIHIIKKY  17
           KNLR  IRK IHIIKKY
Sbjct  12  KNLR-IIRKGIHIIKKY  27


> DRAMP06311
Length=16

 Score = 21.6 bits (44),  Expect = 2.8, Method: Compositional matrix adjust.
 Identities = 14/17 (83%), Positives = 14/17 (83%), Gaps = 1/17 (5%)

Query  1   KNLRRTIRKIIHIIKKY  17
           KNLR  IRK IHIIKKY
Sbjct  1   KNLR-IIRKGIHIIKKY  16


> DRAMP13626
Length=18

 Score = 20.8 bits (42),  Expect = 5.7, Method: Compositional matrix adjust.
 Identities = 9/18 (50%), Positives = 11/18 (62%), Gaps = 0/18 (0%)

Query  1   KNLRRTIRKIIHIIKKYG  18
           + LR   RKI H +K YG
Sbjct  1   RGLRALGRKIAHGVKAYG  18



Lambda     K      H
   0.333    0.150    0.425 

Gapped
Lambda     K      H
   0.267   0.0410    0.140 

Effective search space used: 9312966


  Database: DRAMP.fa
    Posted date:  Oct 26, 2013  5:02 PM
  Number of letters in database: 517,387
  Number of sequences in database:  18,013



Matrix: BLOSUM62
Gap Penalties: Existence: 11, Extension: 1
Neighboring words threshold: 11
Window for multiple hits: 40
