# ../../cgi-bin/seq-search/bin/ssearch35 -Q -s BL62 -b 10 -d 10 -E 20.0 -T 8 ../../tmp/simi_search_tmp/B6xlJFAqmIL9234pw4/B6xlJFAqmIL9234pw4.in ./database/DRAMP.fa
SSEARCH searches a sequence data bank
 version 36.05 March, 2010
Please cite:
 T. F. Smith and M. S. Waterman, (1981) J. Mol. Biol. 147:195-197; 
 W.R. Pearson (1991) Genomics 11:635-650

Query: ../../tmp/simi_search_tmp/B6xlJFAqmIL9234pw4/B6xlJFAqmIL9234pw4.in
  1>>>DSAFSAF - 21 aa
Library: ./database/DRAMP.fa
   517387 residues in 18013 sequences

       opt      E()
< 20  3190     0:============================================================
  22     4     0:=          one = represents 54 library sequences
  24     6     0:=
  26    15     0:=
  28    53     4:*
  30    73    25:*=
  32   100    96:=*
  34   238   260:====*
  36   376   534:=======  *
  38   577   883:===========     *
  40   976  1232:===================   *
  42  1481  1506:===========================*
  44  1143  1661:======================        *
  46  1146  1692:======================         *
  48  1221  1620:=======================      *
  50  1181  1478:======================     *
  52   973  1300:===================     *
  54  1226  1110:====================*==
  56   978   927:=================*=
  58   645   761:============  *
  60   517   617:========== *
  62   414   494:======== *
  64   327   393:=======*
  66   259   311:=====*
  68   199   244:====*
  70   123   192:===*
  72   120   150:==*
  74   129   117:==*
  76    89    91:=*
  78    72    71:=*
  80    48    55:=*
  82    35    42:*
  84    31    33:*
  86    14    26:*
  88    10    20:*          inset = represents 1 library sequences
  90    12    15:*
  92     6    12:*         :======     *
  94     2     9:*         :==      *
  96     1     7:*         :=     *
  98     2     6:*         :==   *
 100     0     4:*         :   *
 102     1     3:*         := *
 104     0     3:*         :  *
 106     0     2:*         : *
 108     0     2:*         : *
 110     0     1:*         :*
 112     0     1:*         :*
 114     0     1:*         :*
 116     0     1:*         :*
 118     0     0:          *
>120     0     0:          *
   517387 residues in 18013 sequences
Statistics:  Expectation_n fit: rho(ln(x))= 4.1995+/-0.000416; mu= -3.9575+/- 0.014
 mean_var=12.7527+/- 2.905, 0's: 3153 Z-trim: 3188  B-trim: 0 in 0/24
 Lambda= 0.359147
 statistics sampled from 18013 (18013) to 18013 sequences
 Kolmogorov-Smirnov  statistic: 0.2122 (N=29) at  88
Algorithm: Smith-Waterman (SSE2, Michael Farrar 2006) (7.1 Aug 2009)
Parameters: BL62 matrix (11:-4), open/ext: -7/-1
 Scan time:  0.070

The best scores are:                                      s-w bits E(18013)
DRAMP04300                                         (  15)   26 18.8      13
DRAMP16048                                         (  20)   26 18.6      20

>>DRAMP04300                                              (15 aa)
 s-w opt:  26  Z-score: 102.0  bits: 18.8 E(18013):   13
Smith-Waterman score: 26; 46.2% identity (92.3% similar) in 13 aa overlap (1-13:2-14)

                10        20 
DSAFSA  SDAFSAVSADVSADFSDFSAD
        :.:.::.:. .:.        
DRAMP0 LSSALSALSSALSSK       
               10            

>>DRAMP16048                                              (20 aa)
 s-w opt:  26  Z-score: 98.7  bits: 18.6 E(18013):   20
Smith-Waterman score: 26; 43.8% identity (75.0% similar) in 16 aa overlap (5-20:1-16)

               10        20    
DSAFSA SDAFSAVSADVSADFSDFSAD   
           : ::.: :.. :. :.    
DRAMP1     SLVSSDESSSGSSHSSGEHS
                   10        20



21 residues in 1 query   sequences
517387 residues in 18013 library sequences
 Scomplib [36.05]
 start: Fri Dec 13 22:57:55 2013 done: Fri Dec 13 22:57:55 2013
 Total Scan time:  0.070 Total Display time:  0.010

Function used was SSEARCH [version 36.05 March, 2010]
