# ../../cgi-bin/seq-search/bin/ssearch35 -Q -s BL62 -b 10 -d 10 -E 20.0 -T 8 ../../tmp/simi_search_tmp/te3uBjFDoVcHQppOv7/te3uBjFDoVcHQppOv7.in ./database/DRAMP.fa
SSEARCH searches a sequence data bank
 version 36.05 March, 2010
Please cite:
 T. F. Smith and M. S. Waterman, (1981) J. Mol. Biol. 147:195-197; 
 W.R. Pearson (1991) Genomics 11:635-650

Query: ../../tmp/simi_search_tmp/te3uBjFDoVcHQppOv7/te3uBjFDoVcHQppOv7.in
  1>>>1 - 15 aa
Library: ./database/DRAMP.fa
   517387 residues in 18013 sequences

       opt      E()
< 20    25     0:=
  22    28     0:=          one = represents 40 library sequences
  24    25     0:=
  26    33     0:=
  28    49     4:*=
  30   111    25:*==
  32   161    96:==*==
  34   226   260:======*
  36   584   534:=============*=
  38   757   883:===================   *
  40  1018  1231:==========================    *
  42  1446  1505:=====================================*
  44  2398  1660:=========================================*==================
  46  1556  1691:=======================================   *
  48  1800  1619:========================================*====
  50  1386  1477:=================================== *
  52  1137  1299:=============================   *
  54  1208  1109:===========================*===
  56   916   927:=======================*
  58   889   761:===================*===
  60   558   616:============== *
  62   579   494:============*==
  64   295   393:======== *
  66   248   311:=======*
  68   143   244:====  *
  70   117   191:=== *
  72    67   150:== *
  74    73   117:==*
  76    59    91:==*
  78    29    71:=*
  80    19    55:=*
  82    23    42:=*
  84    14    33:*
  86     5    26:*
  88     8    20:*          inset = represents 1 library sequences
  90     3    15:*
  92     3    12:*         :===        *
  94     2     9:*         :==      *
  96     1     7:*         :=     *
  98     0     6:*         :     *
 100     0     4:*         :   *
 102     0     3:*         :  *
 104     0     3:*         :  *
 106     0     2:*         : *
 108     1     2:*         :=*
 110     0     1:*         :*
 112     0     1:*         :*
 114     1     1:*         :*
 116     0     1:*         :*
 118     0     0:          *
>120    12     0:=         *============
   517387 residues in 18013 sequences
Statistics: MLE_cen statistics: Lambda= 0.3175;  K=0.07677 (cen=900)
 statistics sampled from 18001 (18013) to 18001 sequences
 Kolmogorov-Smirnov  statistic: 0.0380 (N=29) at  48
Algorithm: Smith-Waterman (SSE2, Michael Farrar 2006) (7.1 Aug 2009)
Parameters: BL62 matrix (11:-4), open/ext: -7/-1
 Scan time:  0.070

The best scores are:                                      s-w bits E(18013)
DRAMP00001                                         (  25)   85 42.6 9.9e-07
DRAMP00044                                         (  27)   75 38.1 2.5e-05
DRAMP00045                                         (  27)   75 38.1 2.5e-05
DRAMP00043                                         (  27)   75 38.1 2.5e-05
DRAMP00006                                         (  25)   74 37.6 3.2e-05
DRAMP00049                                         (  27)   69 35.3 0.00017
DRAMP00032                                         (  24)   65 33.5 0.00054
DRAMP00027                                         (  25)   65 33.5 0.00056
DRAMP00030                                         (  26)   61 31.6  0.0021
DRAMP00029                                         (  26)   61 31.6  0.0021

>>DRAMP00001                                              (25 aa)
 s-w opt:  85  Z-score: 229.7  bits: 42.6 E(18013): 9.9e-07
Smith-Waterman score: 85; 100.0% identity (100.0% similar) in 15 aa overlap (1-15:1-15)

               10               
1      GSGVIPTISHECHMN          
       :::::::::::::::          
DRAMP0 GSGVIPTISHECHMNSFQFVFTCCS
               10        20     

>>DRAMP00044                                              (27 aa)
 s-w opt:  75  Z-score: 204.4  bits: 38.1 E(18013): 2.5e-05
Smith-Waterman score: 75; 85.7% identity (100.0% similar) in 14 aa overlap (2-15:4-17)

                 10               
1        GSGVIPTISHECHMN          
          ::::::.::.::::          
DRAMP0 KKKSGVIPTVSHDCHMNSFQFVFTCCS
               10        20       

>>DRAMP00045                                              (27 aa)
 s-w opt:  75  Z-score: 204.4  bits: 38.1 E(18013): 2.5e-05
Smith-Waterman score: 75; 85.7% identity (100.0% similar) in 14 aa overlap (2-15:4-17)

                 10               
1        GSGVIPTISHECHMN          
          ::::::.::.::::          
DRAMP0 KKKSGVIPTVSHDCHMNSFQFVFTCCS
               10        20       

>>DRAMP00043                                              (27 aa)
 s-w opt:  75  Z-score: 204.4  bits: 38.1 E(18013): 2.5e-05
Smith-Waterman score: 75; 85.7% identity (100.0% similar) in 14 aa overlap (2-15:4-17)

                 10               
1        GSGVIPTISHECHMN          
          ::::::.::.::::          
DRAMP0 KKKSGVIPTVSHDCHMNTFQFMFTCCS
               10        20       

>>DRAMP00006                                              (25 aa)
 s-w opt:  74  Z-score: 202.5  bits: 37.6 E(18013): 3.2e-05
Smith-Waterman score: 74; 86.7% identity (93.3% similar) in 15 aa overlap (1-15:1-15)

               10               
1      GSGVIPTISHECHMN          
       :.::: :::::::::          
DRAMP0 GNGVIKTISHECHMNTWQFIFTCCS
               10        20     

>>DRAMP00049                                              (27 aa)
 s-w opt:  69  Z-score: 189.5  bits: 35.3 E(18013): 0.00017
Smith-Waterman score: 69; 86.7% identity (93.3% similar) in 15 aa overlap (1-15:3-17)

                 10               
1        GSGVIPTISHECHMN          
         ::::: ::::::.::          
DRAMP0 KGGSGVIHTISHECNMNSWQFVFTCCS
               10        20       

>>DRAMP00032                                              (24 aa)
 s-w opt:  65  Z-score: 180.5  bits: 33.5 E(18013): 0.00054
Smith-Waterman score: 65; 73.3% identity (93.3% similar) in 15 aa overlap (1-15:1-15)

               10              
1      GSGVIPTISHECHMN         
       :.::. ::::::.::         
DRAMP0 GNGVLKTISHECNMNTWQFLFTCC
               10        20    

>>DRAMP00027                                              (25 aa)
 s-w opt:  65  Z-score: 180.2  bits: 33.5 E(18013): 0.00056
Smith-Waterman score: 65; 80.0% identity (93.3% similar) in 15 aa overlap (1-15:1-15)

               10               
1      GSGVIPTISHECHMN          
       :.::: ::::::.::          
DRAMP0 GGGVIQTISHECRMNSWQFLFTCCS
               10        20     

>>DRAMP00030                                              (26 aa)
 s-w opt:  61  Z-score: 170.0  bits: 31.6 E(18013): 0.0021
Smith-Waterman score: 61; 71.4% identity (92.9% similar) in 14 aa overlap (2-15:3-16)

                10               
1       GSGVIPTISHECHMN          
         .::. :::::::.:          
DRAMP0 GKNGVFKTISHECHLNTWAFLATCCS
               10        20      

>>DRAMP00029                                              (26 aa)
 s-w opt:  61  Z-score: 170.0  bits: 31.6 E(18013): 0.0021
Smith-Waterman score: 61; 71.4% identity (92.9% similar) in 14 aa overlap (2-15:3-16)

                10               
1       GSGVIPTISHECHMN          
         .::. :::::::.:          
DRAMP0 GKNGVFKTISHECHLNTWAFLATCCS
               10        20      



15 residues in 1 query   sequences
517387 residues in 18013 library sequences
 Scomplib [36.05]
 start: Sat Dec 14 13:52:13 2013 done: Sat Dec 14 13:52:13 2013
 Total Scan time:  0.070 Total Display time:  0.000

Function used was SSEARCH [version 36.05 March, 2010]
