# ../../cgi-bin/seq-search/bin/fasta36 -Q -s BL62 -b 10 -d 10 -E 20.0 -T 8 ../../tmp/simi_search_tmp/UU4XJnrNfegivQZMWs/UU4XJnrNfegivQZMWs.in ./database/DRAMP.fa
FASTA searches a protein or DNA sequence data bank
 version 36.3.6 Sep, 2013(preload9)
Please cite:
 W.R. Pearson & D.J. Lipman PNAS (1988) 85:2444-2448

Query: ../../tmp/simi_search_tmp/UU4XJnrNfegivQZMWs/UU4XJnrNfegivQZMWs.in
  1>>>1 - 5 aa
Library: ./database/DRAMP.fa
   517387 residues in 18013 sequences

Statistics: MLE_cen statistics: Lambda= 0.5532;  K=0.3719 (cen=900)
 statistics sampled from 7248 (7248) to 7248 sequences
Algorithm: FASTA (3.8 Nov 2011) [optimized]
Parameters: BL62 matrix (11:-4), open/ext: -11/-1
 ktup: 1, E-join: 1 (0.753), E-opt: 0.2 (0.402), width:  16
 Scan time:  0.090

The best scores are:                                      opt bits E(18013)
DRAMP08759                                         (   5)   16 15.5     9.6
DRAMP14611                                         (   5)   16 15.5     9.6

>>DRAMP08759                                              (5 aa)
 initn:  16 init1:  16 opt:  16  Z-score: 104.2  bits: 15.5 E(18013):  9.6
Smith-Waterman score: 16; 100.0% identity (100.0% similar) in 4 aa overlap (1-4:1-4)

            
1      ASASD
       :::: 
DRAMP0 ASASA
            

>>DRAMP14611                                              (5 aa)
 initn:  16 init1:  16 opt:  16  Z-score: 104.2  bits: 15.5 E(18013):  9.6
Smith-Waterman score: 16; 100.0% identity (100.0% similar) in 4 aa overlap (1-4:1-4)

            
1      ASASD
       :::: 
DRAMP1 ASASA
            



5 residues in 1 query   sequences
517387 residues in 18013 library sequences
 Tcomplib [36.3.6 Sep, 2013(preload9)] (8 proc in memory [0G])
 start: Sat Dec 14 14:05:06 2013 done: Sat Dec 14 14:05:06 2013
 Total Scan time:  0.090 Total Display time:  0.000

Function used was FASTA [36.3.6 Sep, 2013(preload9)]
