BLASTP 2.2.25+


Reference: Stephen F. Altschul, Thomas L. Madden, Alejandro A.
Schaffer, Jinghui Zhang, Zheng Zhang, Webb Miller, and David J.
Lipman (1997), "Gapped BLAST and PSI-BLAST: a new generation of
protein database search programs", Nucleic Acids Res. 25:3389-3402.



Reference for composition-based statistics: Alejandro A. Schaffer,
L. Aravind, Thomas L. Madden, Sergei Shavirin, John L. Spouge, Yuri
I. Wolf, Eugene V. Koonin, and Stephen F. Altschul (2001),
"Improving the accuracy of PSI-BLAST protein database searches with
composition-based statistics and other refinements", Nucleic Acids
Res. 29:2994-3005.



Database: Non-redundant UniProtKB/SwissProt sequences
           456,795 sequences; 170,518,380 total letters



Query= 1

Length=10

RID: ABRJF8P1015


***** No hits found *****



Lambda     K      H
   0.313    0.137    0.411 

Gapped
Lambda     K      H
   0.267   0.0410    0.140 

Effective search space used: 1705183800


  Database: Non-redundant UniProtKB/SwissProt sequences
    Posted date:  Dec 8, 2013 01:03 AM
  Number of letters in database: 170,518,380
  Number of sequences in database:  456,795



Matrix: BLOSUM62
Gap Penalties: Existence: 11, Extension: 1
Neighboring words threshold: 11
Window for multiple hits: 40
