RPSBLAST 2.2.28+


Reference: Stephen F. Altschul, Thomas L. Madden, Alejandro A.
Schaffer, Jinghui Zhang, Zheng Zhang, Webb Miller, and David J.
Lipman (1997), "Gapped BLAST and PSI-BLAST: a new generation of
protein database search programs", Nucleic Acids Res. 25:3389-3402.



Database: oasis_cog
           4,873 sequences; 1,498,191 total letters



Query= SETSGDSFG

Length=24

RID: A8C2PSUR014


***** No hits found *****



Lambda      K        H
    0.00     0.00     0.00 

Gapped
Lambda      K        H
    0.00     0.00     0.00 

Effective search space used: 0


  Database: oasis_cog
    Posted date:  Feb 19, 2013 12:52 PM
  Number of letters in database: 1,498,191
  Number of sequences in database:  4,873



Matrix: 