BLASTP 2.2.25+


Reference: Stephen F. Altschul, Thomas L. Madden, Alejandro A.
Schaffer, Jinghui Zhang, Zheng Zhang, Webb Miller, and David J.
Lipman (1997), "Gapped BLAST and PSI-BLAST: a new generation of
protein database search programs", Nucleic Acids Res. 25:3389-3402.



Reference for composition-based statistics: Alejandro A. Schaffer,
L. Aravind, Thomas L. Madden, Sergei Shavirin, John L. Spouge, Yuri
I. Wolf, Eugene V. Koonin, and Stephen F. Altschul (2001),
"Improving the accuracy of PSI-BLAST protein database searches with
composition-based statistics and other refinements", Nucleic Acids
Res. 29:2994-3005.



Database: Non-redundant UniProtKB/SwissProt sequences
           456,795 sequences; 170,518,380 total letters



Query= DDDC

Length=32

RID: ACUGZEZV015
                                                                      Score     E
Sequences producing significant alignments:                          (Bits)  Value

sp|Q65DC4.1|LANLA_BACLD  RecName: Full=Lantibiotic lichenicidin A...  67.4    2e-15
sp|O87236.1|LANA1_LACLA  RecName: Full=Lantibiotic lacticin 3147 ...  31.2    0.044


>sp|Q65DC4.1|LANLA_BACLD RecName: Full=Lantibiotic lichenicidin A1; Short=LchA1; AltName: 
Full=BliA1; Flags: Precursor
 sp|P86475.1|LANLA_BACLI RecName: Full=Lantibiotic lichenicidin VK21 A1; Short=LchA1; 
Flags: Precursor
Length=74

 Score = 67.4 bits (163),  Expect = 2e-15, Method: Compositional matrix adjust.
 Identities = 32/32 (100%), Positives = 32/32 (100%), Gaps = 0/32 (0%)

Query  1   TITLSTCAILSKPLGNNGYLCTVTKECMPSCN  32
           TITLSTCAILSKPLGNNGYLCTVTKECMPSCN
Sbjct  43  TITLSTCAILSKPLGNNGYLCTVTKECMPSCN  74


>sp|O87236.1|LANA1_LACLA RecName: Full=Lantibiotic lacticin 3147 A1; Flags: Precursor
Length=59

 Score = 31.2 bits (69),  Expect = 0.044, Method: Compositional matrix adjust.
 Identities = 13/22 (60%), Positives = 14/22 (64%), Gaps = 0/22 (0%)

Query  10  LSKPLGNNGYLCTVTKECMPSC  31
           LS   GNNG  CT+T ECM  C
Sbjct  37  LSDYWGNNGAWCTLTHECMAWC  58



Lambda     K      H
   0.319    0.132    0.429 

Gapped
Lambda     K      H
   0.267   0.0410    0.140 

Effective search space used: 4183020375


  Database: Non-redundant UniProtKB/SwissProt sequences
    Posted date:  Dec 8, 2013 01:03 AM
  Number of letters in database: 170,518,380
  Number of sequences in database:  456,795



Matrix: BLOSUM62
Gap Penalties: Existence: 11, Extension: 1
Neighboring words threshold: 11
Window for multiple hits: 40
