# ../../cgi-bin/seq-search/bin/ssearch35 -Q -s BL62 -b 10 -d 10 -E 20.0 -T 8 ../../tmp/simi_search_tmp/OoEo0fLbgGU2N3UNNp/OoEo0fLbgGU2N3UNNp.in ./database/DRAMP.fa
SSEARCH searches a sequence data bank
 version 36.05 March, 2010
Please cite:
 T. F. Smith and M. S. Waterman, (1981) J. Mol. Biol. 147:195-197; 
 W.R. Pearson (1991) Genomics 11:635-650

Query: ../../tmp/simi_search_tmp/OoEo0fLbgGU2N3UNNp/OoEo0fLbgGU2N3UNNp.in
  1>>>1 - 25 aa
Library: ./database/DRAMP.fa
   517387 residues in 18013 sequences

       opt      E()
< 20  3162     0:============================================================
  22    13     0:=          one = represents 53 library sequences
  24     7     0:=
  26    25     0:=
  28    37     4:*
  30    65    25:*=
  32   166    96:=*==
  34   280   260:====*=
  36   454   534:========= *
  38   674   883:=============   *
  40   852  1231:=================      *
  42  1139  1505:======================      *
  44  1596  1660:===============================*
  46  1191  1691:=======================        *
  48  1161  1619:======================        *
  50  1049  1477:====================       *
  52  1063  1299:=====================   *
  54  1109  1109:====================*
  56   795   927:===============  *
  58   838   761:==============*=
  60   621   616:===========*
  62   404   494:======== *
  64   362   393:=======*
  66   232   311:=====*
  68   164   244:====*
  70   147   191:===*
  72   123   150:==*
  74    89   117:==*
  76    60    91:=*
  78    45    71:=*
  80    16    55:=*
  82    15    42:*
  84    11    33:*
  86    11    26:*
  88     4    20:*          inset = represents 1 library sequences
  90     5    15:*
  92     4    12:*         :====       *
  94     3     9:*         :===     *
  96     5     7:*         :===== *
  98     0     6:*         :     *
 100     0     4:*         :   *
 102     1     3:*         := *
 104     0     3:*         :  *
 106     1     2:*         :=*
 108     0     2:*         : *
 110     0     1:*         :*
 112     0     1:*         :*
 114     0     1:*         :*
 116     0     1:*         :*
 118     0     0:          *
>120    14     0:=         *==============
   517387 residues in 18013 sequences
Statistics:  Expectation_n fit: rho(ln(x))= 5.0923+/-0.000465; mu= -2.6312+/- 0.016
 mean_var=18.3753+/- 4.273, 0's: 3153 Z-trim: 3167  B-trim: 1585 in 1/23
 Lambda= 0.299197
 statistics sampled from 17999 (18013) to 17999 sequences
 Kolmogorov-Smirnov  statistic: 0.2096 (N=29) at  88
Algorithm: Smith-Waterman (SSE2, Michael Farrar 2006) (7.1 Aug 2009)
Parameters: BL62 matrix (11:-4), open/ext: -7/-1
 Scan time:  0.060

The best scores are:                                      s-w bits E(18013)
DRAMP00001                                         (  25)  143 65.9 1.6e-13
DRAMP00044                                         (  27)  133 61.5 3.6e-12
DRAMP00045                                         (  27)  133 61.5 3.6e-12
DRAMP00043                                         (  27)  127 58.9 2.2e-11
DRAMP00006                                         (  25)  123 57.3 6.5e-11
DRAMP00049                                         (  27)  122 56.8 9.8e-11
DRAMP00027                                         (  25)  115 53.8 7.1e-10
DRAMP00032                                         (  24)  108 50.8 5.4e-09
DRAMP00052                                         (  27)  101 47.7 5.2e-08
DRAMP00030                                         (  26)   94 44.7   4e-07

>>DRAMP00001                                              (25 aa)
 s-w opt: 143  Z-score: 351.5  bits: 65.9 E(18013): 1.6e-13
Smith-Waterman score: 143; 100.0% identity (100.0% similar) in 25 aa overlap (1-25:1-25)

               10        20     
1      GSGVIPTISHECHMNSFQFVFTCCS
       :::::::::::::::::::::::::
DRAMP0 GSGVIPTISHECHMNSFQFVFTCCS
               10        20     

>>DRAMP00044                                              (27 aa)
 s-w opt: 133  Z-score: 327.3  bits: 61.5 E(18013): 3.6e-12
Smith-Waterman score: 133; 91.7% identity (100.0% similar) in 24 aa overlap (2-25:4-27)

                 10        20     
1        GSGVIPTISHECHMNSFQFVFTCCS
          ::::::.::.::::::::::::::
DRAMP0 KKKSGVIPTVSHDCHMNSFQFVFTCCS
               10        20       

>>DRAMP00045                                              (27 aa)
 s-w opt: 133  Z-score: 327.3  bits: 61.5 E(18013): 3.6e-12
Smith-Waterman score: 133; 91.7% identity (100.0% similar) in 24 aa overlap (2-25:4-27)

                 10        20     
1        GSGVIPTISHECHMNSFQFVFTCCS
          ::::::.::.::::::::::::::
DRAMP0 KKKSGVIPTVSHDCHMNSFQFVFTCCS
               10        20       

>>DRAMP00043                                              (27 aa)
 s-w opt: 127  Z-score: 313.3  bits: 58.9 E(18013): 2.2e-11
Smith-Waterman score: 127; 83.3% identity (100.0% similar) in 24 aa overlap (2-25:4-27)

                 10        20     
1        GSGVIPTISHECHMNSFQFVFTCCS
          ::::::.::.::::.:::.:::::
DRAMP0 KKKSGVIPTVSHDCHMNTFQFMFTCCS
               10        20       

>>DRAMP00006                                              (25 aa)
 s-w opt: 123  Z-score: 304.8  bits: 57.3 E(18013): 6.5e-11
Smith-Waterman score: 123; 80.0% identity (96.0% similar) in 25 aa overlap (1-25:1-25)

               10        20     
1      GSGVIPTISHECHMNSFQFVFTCCS
       :.::: :::::::::..::.:::::
DRAMP0 GNGVIKTISHECHMNTWQFIFTCCS
               10        20     

>>DRAMP00049                                              (27 aa)
 s-w opt: 122  Z-score: 301.6  bits: 56.8 E(18013): 9.8e-11
Smith-Waterman score: 122; 88.0% identity (96.0% similar) in 25 aa overlap (1-25:3-27)

                 10        20     
1        GSGVIPTISHECHMNSFQFVFTCCS
         ::::: ::::::.:::.::::::::
DRAMP0 KGGSGVIHTISHECNMNSWQFVFTCCS
               10        20       

>>DRAMP00027                                              (25 aa)
 s-w opt: 115  Z-score: 286.2  bits: 53.8 E(18013): 7.1e-10
Smith-Waterman score: 115; 80.0% identity (96.0% similar) in 25 aa overlap (1-25:1-25)

               10        20     
1      GSGVIPTISHECHMNSFQFVFTCCS
       :.::: ::::::.:::.::.:::::
DRAMP0 GGGVIQTISHECRMNSWQFLFTCCS
               10        20     

>>DRAMP00032                                              (24 aa)
 s-w opt: 108  Z-score: 270.3  bits: 50.8 E(18013): 5.4e-09
Smith-Waterman score: 108; 70.8% identity (95.8% similar) in 24 aa overlap (1-24:1-24)

               10        20     
1      GSGVIPTISHECHMNSFQFVFTCCS
       :.::. ::::::.::..::.:::: 
DRAMP0 GNGVLKTISHECNMNTWQFLFTCC 
               10        20     

>>DRAMP00052                                              (27 aa)
 s-w opt: 101  Z-score: 252.6  bits: 47.7 E(18013): 5.2e-08
Smith-Waterman score: 101; 72.7% identity (95.5% similar) in 22 aa overlap (3-24:6-27)

                  10        20     
1         GSGVIPTISHECHMNSFQFVFTCCS
            ::.::.:.::.:::.: ::::: 
DRAMP0 NRWWQGVVPTVSYECRMNSWQHVFTCC 
               10        20        

>>DRAMP00030                                              (26 aa)
 s-w opt:  94  Z-score: 236.7  bits: 44.7 E(18013): 4e-07
Smith-Waterman score: 94; 62.5% identity (87.5% similar) in 24 aa overlap (2-25:3-26)

                10        20     
1       GSGVIPTISHECHMNSFQFVFTCCS
         .::. :::::::.:.. :. ::::
DRAMP0 GKNGVFKTISHECHLNTWAFLATCCS
               10        20      



25 residues in 1 query   sequences
517387 residues in 18013 library sequences
 Scomplib [36.05]
 start: Sat Dec 14 14:21:17 2013 done: Sat Dec 14 14:21:17 2013
 Total Scan time:  0.060 Total Display time:  0.000

Function used was SSEARCH [version 36.05 March, 2010]
