BLASTP 2.2.25+


Reference: Stephen F. Altschul, Thomas L. Madden, Alejandro A.
Schaffer, Jinghui Zhang, Zheng Zhang, Webb Miller, and David J.
Lipman (1997), "Gapped BLAST and PSI-BLAST: a new generation of
protein database search programs", Nucleic Acids Res. 25:3389-3402.



Reference for composition-based statistics: Alejandro A. Schaffer,
L. Aravind, Thomas L. Madden, Sergei Shavirin, John L. Spouge, Yuri
I. Wolf, Eugene V. Koonin, and Stephen F. Altschul (2001),
"Improving the accuracy of PSI-BLAST protein database searches with
composition-based statistics and other refinements", Nucleic Acids
Res. 29:2994-3005.



Database: Non-redundant UniProtKB/SwissProt sequences
           456,795 sequences; 170,518,380 total letters



Query= 1

Length=14

RID: ADKA91GT014
                                                                      Score     E
Sequences producing significant alignments:                          (Bits)  Value

sp|Q9KWM4.1|LANNA_STAWA  RecName: Full=Lantibiotic nukacin; AltNa...  30.0    0.054
sp|B5MFD0.1|LANNA_STAHO  RecName: Full=Lantibiotic nukacin; AltNa...  30.0    0.056
sp|P36499.1|LAN4_LACLA  RecName: Full=Lantibiotic lacticin-481; A...  27.3    0.38 
sp|P83674.1|LANA_RUMGN  RecName: Full=Ruminococcin-A; AltName: Fu...  26.2    1.1  
sp|P83675.1|LANA_RUMHA  RecName: Full=Ruminococcin-A; Flags: Prec...  26.2    1.2  
sp|P36501.1|LANA_STRPY  RecName: Full=Lantibiotic streptococcin A...  25.0    2.8  
sp|O54329.1|LANA_STRMU  RecName: Full=Lantibiotic mutacin-2; AltN...  25.0    3.0  
sp|Q54957.1|LANB_STRP9  RecName: Full=Lantibiotic streptococcin A...  24.6    3.5  


>sp|Q9KWM4.1|LANNA_STAWA RecName: Full=Lantibiotic nukacin; AltName: Full=Bacteriocin 
ISK-1; Flags: Precursor
 sp|E0WX65.1|LANNA_STASI RecName: Full=Lantibiotic nukacin; AltName: Full=Nukacin 3299; 
AltName: Full=Simulancin 3299; Flags: Precursor
Length=57

 Score = 30.0 bits (66),  Expect = 0.054, Method: Compositional matrix adjust.
 Identities = 11/13 (85%), Positives = 13/13 (100%), Gaps = 0/13 (0%)

Query  2   SGVIPTISHECHM  14
           SGVIPT+SH+CHM
Sbjct  34  SGVIPTVSHDCHM  46


>sp|B5MFD0.1|LANNA_STAHO RecName: Full=Lantibiotic nukacin; AltName: Full=Nukacin KQ-1; 
AltName: Full=Nukacin KQU-131; Flags: Precursor
Length=57

 Score = 30.0 bits (66),  Expect = 0.056, Method: Compositional matrix adjust.
 Identities = 11/13 (85%), Positives = 13/13 (100%), Gaps = 0/13 (0%)

Query  2   SGVIPTISHECHM  14
           SGVIPT+SH+CHM
Sbjct  34  SGVIPTVSHDCHM  46


>sp|P36499.1|LAN4_LACLA RecName: Full=Lantibiotic lacticin-481; AltName: Full=Lactococcin-DR; 
Flags: Precursor
Length=51

 Score = 27.3 bits (59),  Expect = 0.38, Method: Compositional matrix adjust.
 Identities = 12/14 (86%), Positives = 13/14 (93%), Gaps = 0/14 (0%)

Query  1   GSGVIPTISHECHM  14
           GSGVI TISHEC+M
Sbjct  27  GSGVIHTISHECNM  40


>sp|P83674.1|LANA_RUMGN RecName: Full=Ruminococcin-A; AltName: Full=RumA protein 1/2/3; 
Flags: Precursor
Length=47

 Score = 26.2 bits (56),  Expect = 1.1, Method: Composition-based stats.
 Identities = 10/14 (72%), Positives = 13/14 (93%), Gaps = 0/14 (0%)

Query  1   GSGVIPTISHECHM  14
           G+GV+ TISHEC+M
Sbjct  24  GNGVLKTISHECNM  37


>sp|P83675.1|LANA_RUMHA RecName: Full=Ruminococcin-A; Flags: Precursor
Length=47

 Score = 26.2 bits (56),  Expect = 1.2, Method: Composition-based stats.
 Identities = 10/14 (72%), Positives = 13/14 (93%), Gaps = 0/14 (0%)

Query  1   GSGVIPTISHECHM  14
           G+GV+ TISHEC+M
Sbjct  24  GNGVLKTISHECNM  37


>sp|P36501.1|LANA_STRPY RecName: Full=Lantibiotic streptococcin A-FF22; AltName: Full=Antibacterial 
peptide SA-FF22; Flags: Precursor
Length=51

 Score = 25.0 bits (53),  Expect = 2.8, Method: Compositional matrix adjust.
 Identities = 9/13 (70%), Positives = 11/13 (85%), Gaps = 0/13 (0%)

Query  2   SGVIPTISHECHM  14
           +GV  TISHECH+
Sbjct  28  NGVFKTISHECHL  40


>sp|O54329.1|LANA_STRMU RecName: Full=Lantibiotic mutacin-2; AltName: Full=Lantibiotic 
mutacin H-29B; AltName: Full=Mutacin II; Flags: Precursor
Length=53

 Score = 25.0 bits (53),  Expect = 3.0, Method: Composition-based stats.
 Identities = 8/12 (67%), Positives = 11/12 (92%), Gaps = 0/12 (0%)

Query  3   GVIPTISHECHM  14
           GV+PT+S+EC M
Sbjct  32  GVVPTVSYECRM  43


>sp|Q54957.1|LANB_STRP9 RecName: Full=Lantibiotic streptococcin A-M49; AltName: Full=Antibacterial 
peptide A-M49; Flags: Precursor
Length=51

 Score = 24.6 bits (52),  Expect = 3.5, Method: Compositional matrix adjust.
 Identities = 9/13 (70%), Positives = 11/13 (85%), Gaps = 0/13 (0%)

Query  2   SGVIPTISHECHM  14
           +GV  TISHECH+
Sbjct  28  NGVFKTISHECHL  40



Lambda     K      H
   0.321    0.136    0.457 

Gapped
Lambda     K      H
   0.267   0.0410    0.140 

Effective search space used: 2387257320


  Database: Non-redundant UniProtKB/SwissProt sequences
    Posted date:  Dec 8, 2013 01:03 AM
  Number of letters in database: 170,518,380
  Number of sequences in database:  456,795



Matrix: BLOSUM62
Gap Penalties: Existence: 11, Extension: 1
Neighboring words threshold: 11
Window for multiple hits: 40
