RPSBLAST 2.2.28+


Reference: Stephen F. Altschul, Thomas L. Madden, Alejandro A.
Schaffer, Jinghui Zhang, Zheng Zhang, Webb Miller, and David J.
Lipman (1997), "Gapped BLAST and PSI-BLAST: a new generation of
protein database search programs", Nucleic Acids Res. 25:3389-3402.



Database: oasis_pfam
           13,672 sequences; 2,366,394 total letters



Query= 1

Length=32

RID: AGN4BB4M015


***** No hits found *****



Lambda      K        H
   0.325    0.134    0.481 

Gapped
Lambda      K        H
   0.267   0.0410    0.140 

Effective search space used: 126724000


  Database: oasis_pfam
    Posted date:  Feb 19, 2013 01:14 PM
  Number of letters in database: 2,366,394
  Number of sequences in database:  13,672



Matrix: BLOSUM62
Gap Penalties: Existence: 0, Extension: 0
Window for multiple hits: 40
