# ../../cgi-bin/seq-search/bin/ssearch35 -Q -s BL62 -b 10 -d 10 -E 20.0 -T 8 ../../tmp/simi_search_tmp/haMnqCZzcT7cRFYGhd/haMnqCZzcT7cRFYGhd.in ./database/DRAMP.fa
SSEARCH searches a sequence data bank
 version 36.05 March, 2010
Please cite:
 T. F. Smith and M. S. Waterman, (1981) J. Mol. Biol. 147:195-197; 
 W.R. Pearson (1991) Genomics 11:635-650

Query: ../../tmp/simi_search_tmp/haMnqCZzcT7cRFYGhd/haMnqCZzcT7cRFYGhd.in
  1>>>1 - 5 aa
Library: ./database/DRAMP.fa
   517387 residues in 18013 sequences

       opt      E()
< 20     0     0:
  22     0     0:           one = represents 33 library sequences
  24     3     0:=
  26    12     0:=
  28    27     4:*
  30    46    25:*=
  32    68    96:==*
  34   263   260:=======*
  36   678   534:================*====
  38   948   883:==========================*==
  40  1646  1232:=====================================*============
  42  1091  1506:==================================           *
  44  1316  1661:========================================          *
  46  1725  1692:===================================================*=
  48  1597  1620:=================================================*
  50  1943  1478:============================================*==============
  52  1918  1300:=======================================*===================
  54  1060  1110:=================================*
  56   875   927:=========================== *
  58   770   761:=======================*
  60   601   617:==================*
  62   448   494:==============*
  64   335   393:===========*
  66   204   311:=======  *
  68   122   244:====   *
  70    78   192:===  *
  72    73   150:=== *
  74    52   117:== *
  76    40    91:==*
  78    30    71:= *
  80    19    55:=*
  82     6    42:=*
  84    11    33:*
  86     4    26:*
  88     3    20:*          inset = represents 1 library sequences
  90     0    15:*
  92     1    12:*         :=          *
  94     0     9:*         :        *
  96     0     7:*         :      *
  98     0     6:*         :     *
 100     0     4:*         :   *
 102     0     3:*         :  *
 104     0     3:*         :  *
 106     0     2:*         : *
 108     0     2:*         : *
 110     0     1:*         :*
 112     0     1:*         :*
 114     0     1:*         :*
 116     0     1:*         :*
 118     0     0:          *
>120     0     0:          *
   517387 residues in 18013 sequences
Statistics: MLE_cen statistics: Lambda= 0.3769;  K=0.04291 (cen=900)
 statistics sampled from 18013 (18013) to 18013 sequences
 Kolmogorov-Smirnov  statistic: 0.0549 (N=29) at  52
Algorithm: Smith-Waterman (SSE2, Michael Farrar 2006) (7.1 Aug 2009)
Parameters: BL62 matrix (11:-4), open/ext: -7/-1
 Scan time:  0.100
!! No sequences with E() < 20


5 residues in 1 query   sequences
517387 residues in 18013 library sequences
 Scomplib [36.05]
 start: Sat Dec 14 14:32:36 2013 done: Sat Dec 14 14:32:36 2013
 Total Scan time:  0.100 Total Display time:  0.000

Function used was SSEARCH [version 36.05 March, 2010]
