# ../../cgi-bin/seq-search/bin/fasta36 -Q -s BL62 -b 10 -d 10 -E 20.0 -T 8 ../../tmp/simi_search_tmp/7GvUSMkl4F5qwbPTjZ/7GvUSMkl4F5qwbPTjZ.in ./database/DRAMP.fa
FASTA searches a protein or DNA sequence data bank
 version 36.3.6 Sep, 2013(preload9)
Please cite:
 W.R. Pearson & D.J. Lipman PNAS (1988) 85:2444-2448

Query: ../../tmp/simi_search_tmp/7GvUSMkl4F5qwbPTjZ/7GvUSMkl4F5qwbPTjZ.in
  1>>>1 - 25 aa
Library: ./database/DRAMP.fa
   517387 residues in 18013 sequences

Statistics:  Expectation_n fit: rho(ln(x))= 4.8693+/-0.000639; mu= 0.8993+/- 0.022
 mean_var=7.5047+/- 1.688, 0's: 2301 Z-trim(111.0): 2315  B-trim: 0 in 0/24
 Lambda= 0.468175
 statistics sampled from 8928 (8943) to 8928 sequences
Algorithm: FASTA (3.8 Nov 2011) [optimized]
Parameters: BL62 matrix (11:-4), open/ext: -11/-1
 ktup: 1, E-join: 1 (0.95), E-opt: 0.2 (0.496), width:  16
 Scan time:  0.210

The best scores are:                                      opt bits E(18013)
DRAMP00001                                         (  25)  143 96.5 9.9e-23
DRAMP00045                                         (  27)  133 89.6 1.3e-20
DRAMP00044                                         (  27)  133 89.6 1.3e-20
DRAMP00043                                         (  27)  127 85.6 2.1e-19
DRAMP00006                                         (  25)  123 83.0 1.2e-18
DRAMP00049                                         (  27)  122 82.2 2.2e-18
DRAMP00027                                         (  25)  115 77.6 4.9e-17
DRAMP00032                                         (  24)  108 73.0 1.2e-15
DRAMP00052                                         (  27)  101 68.0 4.1e-14
DRAMP00030                                         (  26)   94 63.4 9.9e-13

>>DRAMP00001                                              (25 aa)
 initn: 143 init1: 143 opt: 143  Z-score: 517.0  bits: 96.5 E(18013): 9.9e-23
Smith-Waterman score: 143; 100.0% identity (100.0% similar) in 25 aa overlap (1-25:1-25)

               10        20     
1      GSGVIPTISHECHMNSFQFVFTCCS
       :::::::::::::::::::::::::
DRAMP0 GSGVIPTISHECHMNSFQFVFTCCS
               10        20     

>>DRAMP00045                                              (27 aa)
 initn: 133 init1: 133 opt: 133  Z-score: 479.1  bits: 89.6 E(18013): 1.3e-20
Smith-Waterman score: 133; 91.7% identity (100.0% similar) in 24 aa overlap (2-25:4-27)

                 10        20     
1        GSGVIPTISHECHMNSFQFVFTCCS
          ::::::.::.::::::::::::::
DRAMP0 KKKSGVIPTVSHDCHMNSFQFVFTCCS
               10        20       

>>DRAMP00044                                              (27 aa)
 initn: 133 init1: 133 opt: 133  Z-score: 479.1  bits: 89.6 E(18013): 1.3e-20
Smith-Waterman score: 133; 91.7% identity (100.0% similar) in 24 aa overlap (2-25:4-27)

                 10        20     
1        GSGVIPTISHECHMNSFQFVFTCCS
          ::::::.::.::::::::::::::
DRAMP0 KKKSGVIPTVSHDCHMNSFQFVFTCCS
               10        20       

>>DRAMP00043                                              (27 aa)
 initn: 127 init1: 127 opt: 127  Z-score: 457.2  bits: 85.6 E(18013): 2.1e-19
Smith-Waterman score: 127; 83.3% identity (100.0% similar) in 24 aa overlap (2-25:4-27)

                 10        20     
1        GSGVIPTISHECHMNSFQFVFTCCS
          ::::::.::.::::.:::.:::::
DRAMP0 KKKSGVIPTVSHDCHMNTFQFMFTCCS
               10        20       

>>DRAMP00006                                              (25 aa)
 initn: 123 init1: 123 opt: 123  Z-score: 444.0  bits: 83.0 E(18013): 1.2e-18
Smith-Waterman score: 123; 80.0% identity (96.0% similar) in 25 aa overlap (1-25:1-25)

               10        20     
1      GSGVIPTISHECHMNSFQFVFTCCS
       :.::: :::::::::..::.:::::
DRAMP0 GNGVIKTISHECHMNTWQFIFTCCS
               10        20     

>>DRAMP00049                                              (27 aa)
 initn: 122 init1: 122 opt: 122  Z-score: 438.9  bits: 82.2 E(18013): 2.2e-18
Smith-Waterman score: 122; 88.0% identity (96.0% similar) in 25 aa overlap (1-25:3-27)

                 10        20     
1        GSGVIPTISHECHMNSFQFVFTCCS
         ::::: ::::::.:::.::::::::
DRAMP0 KGGSGVIHTISHECNMNSWQFVFTCCS
               10        20       

>>DRAMP00027                                              (25 aa)
 initn: 115 init1: 115 opt: 115  Z-score: 414.8  bits: 77.6 E(18013): 4.9e-17
Smith-Waterman score: 115; 80.0% identity (96.0% similar) in 25 aa overlap (1-25:1-25)

               10        20     
1      GSGVIPTISHECHMNSFQFVFTCCS
       :.::: ::::::.:::.::.:::::
DRAMP0 GGGVIQTISHECRMNSWQFLFTCCS
               10        20     

>>DRAMP00032                                              (24 aa)
 initn: 108 init1: 108 opt: 108  Z-score: 389.9  bits: 73.0 E(18013): 1.2e-15
Smith-Waterman score: 108; 70.8% identity (95.8% similar) in 24 aa overlap (1-24:1-24)

               10        20     
1      GSGVIPTISHECHMNSFQFVFTCCS
       :.::. ::::::.::..::.:::: 
DRAMP0 GNGVLKTISHECNMNTWQFLFTCC 
               10        20     

>>DRAMP00052                                              (27 aa)
 initn: 101 init1: 101 opt: 101  Z-score: 362.3  bits: 68.0 E(18013): 4.1e-14
Smith-Waterman score: 101; 72.7% identity (95.5% similar) in 22 aa overlap (3-24:6-27)

                  10        20     
1         GSGVIPTISHECHMNSFQFVFTCCS
            ::.::.:.::.:::.: ::::: 
DRAMP0 NRWWQGVVPTVSYECRMNSWQHVFTCC 
               10        20        

>>DRAMP00030                                              (26 aa)
 initn:  94 init1:  94 opt:  94  Z-score: 337.4  bits: 63.4 E(18013): 9.9e-13
Smith-Waterman score: 94; 62.5% identity (87.5% similar) in 24 aa overlap (2-25:3-26)

                10        20     
1       GSGVIPTISHECHMNSFQFVFTCCS
         .::. :::::::.:.. :. ::::
DRAMP0 GKNGVFKTISHECHLNTWAFLATCCS
               10        20      



25 residues in 1 query   sequences
517387 residues in 18013 library sequences
 Tcomplib [36.3.6 Sep, 2013(preload9)] (8 proc in memory [0G])
 start: Sat Dec 14 14:24:51 2013 done: Sat Dec 14 14:24:51 2013
 Total Scan time:  0.210 Total Display time:  0.000

Function used was FASTA [36.3.6 Sep, 2013(preload9)]
