BLASTP 2.2.25+


Reference: Stephen F. Altschul, Thomas L. Madden, Alejandro A.
Schaffer, Jinghui Zhang, Zheng Zhang, Webb Miller, and David J.
Lipman (1997), "Gapped BLAST and PSI-BLAST: a new generation of
protein database search programs", Nucleic Acids Res. 25:3389-3402.



Reference for composition-based statistics: Alejandro A. Schaffer,
L. Aravind, Thomas L. Madden, Sergei Shavirin, John L. Spouge, Yuri
I. Wolf, Eugene V. Koonin, and Stephen F. Altschul (2001),
"Improving the accuracy of PSI-BLAST protein database searches with
composition-based statistics and other refinements", Nucleic Acids
Res. 29:2994-3005.



Database: DRAMP.fa
           18,013 sequences; 517,387 total letters



Query= 1

Length=13
                                                                      Score     E
Sequences producing significant alignments:                          (Bits)  Value

  DRAMP00001                                                          30.4    0.005
  DRAMP00043                                                          26.9    0.051
  DRAMP00045                                                          26.9    0.053
  DRAMP00044                                                          26.9    0.053
  DRAMP00006                                                          26.6    0.062
  DRAMP00049                                                          24.6    0.29 
  DRAMP00032                                                          24.3    0.33 
  DRAMP00027                                                          23.9    0.47 
  DRAMP00030                                                          23.5    0.54 
  DRAMP00029                                                          23.5    0.54 
  DRAMP00052                                                          22.7    1.0  
  DRAMP00016                                                          22.3    1.3  


> DRAMP00001
Length=25

 Score = 30.4 bits (67),  Expect = 0.005, Method: Compositional matrix adjust.
 Identities = 13/13 (100%), Positives = 13/13 (100%), Gaps = 0/13 (0%)

Query  1   GSGVIPTISHECH  13
           GSGVIPTISHECH
Sbjct  1   GSGVIPTISHECH  13


> DRAMP00043
Length=27

 Score = 26.9 bits (58),  Expect = 0.051, Method: Compositional matrix adjust.
 Identities = 10/12 (84%), Positives = 12/12 (100%), Gaps = 0/12 (0%)

Query  2   SGVIPTISHECH  13
           SGVIPT+SH+CH
Sbjct  4   SGVIPTVSHDCH  15


> DRAMP00045
Length=27

 Score = 26.9 bits (58),  Expect = 0.053, Method: Compositional matrix adjust.
 Identities = 10/12 (84%), Positives = 12/12 (100%), Gaps = 0/12 (0%)

Query  2   SGVIPTISHECH  13
           SGVIPT+SH+CH
Sbjct  4   SGVIPTVSHDCH  15


> DRAMP00044
Length=27

 Score = 26.9 bits (58),  Expect = 0.053, Method: Compositional matrix adjust.
 Identities = 10/12 (84%), Positives = 12/12 (100%), Gaps = 0/12 (0%)

Query  2   SGVIPTISHECH  13
           SGVIPT+SH+CH
Sbjct  4   SGVIPTVSHDCH  15


> DRAMP00006
Length=25

 Score = 26.6 bits (57),  Expect = 0.062, Method: Compositional matrix adjust.
 Identities = 11/13 (85%), Positives = 12/13 (93%), Gaps = 0/13 (0%)

Query  1   GSGVIPTISHECH  13
           G+GVI TISHECH
Sbjct  1   GNGVIKTISHECH  13


> DRAMP00049
Length=27

 Score = 24.6 bits (52),  Expect = 0.29, Method: Compositional matrix adjust.
 Identities = 11/13 (85%), Positives = 12/13 (93%), Gaps = 0/13 (0%)

Query  1   GSGVIPTISHECH  13
           GSGVI TISHEC+
Sbjct  3   GSGVIHTISHECN  15


> DRAMP00032
Length=24

 Score = 24.3 bits (51),  Expect = 0.33, Method: Compositional matrix adjust.
 Identities = 9/13 (70%), Positives = 12/13 (93%), Gaps = 0/13 (0%)

Query  1   GSGVIPTISHECH  13
           G+GV+ TISHEC+
Sbjct  1   GNGVLKTISHECN  13


> DRAMP00027
Length=25

 Score = 23.9 bits (50),  Expect = 0.47, Method: Compositional matrix adjust.
 Identities = 10/13 (77%), Positives = 10/13 (77%), Gaps = 0/13 (0%)

Query  1   GSGVIPTISHECH  13
           G GVI TISHEC 
Sbjct  1   GGGVIQTISHECR  13


> DRAMP00030
Length=26

 Score = 23.5 bits (49),  Expect = 0.54, Method: Compositional matrix adjust.
 Identities = 9/12 (75%), Positives = 10/12 (84%), Gaps = 0/12 (0%)

Query  2   SGVIPTISHECH  13
           +GV  TISHECH
Sbjct  3   NGVFKTISHECH  14


> DRAMP00029
Length=26

 Score = 23.5 bits (49),  Expect = 0.54, Method: Compositional matrix adjust.
 Identities = 9/12 (75%), Positives = 10/12 (84%), Gaps = 0/12 (0%)

Query  2   SGVIPTISHECH  13
           +GV  TISHECH
Sbjct  3   NGVFKTISHECH  14


> DRAMP00052
Length=27

 Score = 22.7 bits (47),  Expect = 1.0, Method: Compositional matrix adjust.
 Identities = 7/13 (54%), Positives = 10/13 (77%), Gaps = 0/13 (0%)

Query  1   GSGVIPTISHECH  13
             GV+PT+S+EC 
Sbjct  4   WQGVVPTVSYECR  16


> DRAMP00016
Length=24

 Score = 22.3 bits (46),  Expect = 1.3, Method: Compositional matrix adjust.
 Identities = 7/13 (54%), Positives = 12/13 (93%), Gaps = 0/13 (0%)

Query  1   GSGVIPTISHECH  13
           G+GV+ T++HEC+
Sbjct  1   GNGVVLTLTHECN  13



Lambda     K      H
   0.318    0.138    0.464 

Gapped
Lambda     K      H
   0.267   0.0410    0.140 

Effective search space used: 6726031


  Database: DRAMP.fa
    Posted date:  Oct 26, 2013  5:02 PM
  Number of letters in database: 517,387
  Number of sequences in database:  18,013



Matrix: BLOSUM62
Gap Penalties: Existence: 11, Extension: 1
Neighboring words threshold: 11
Window for multiple hits: 40
