BLASTP 2.2.25+


Reference: Stephen F. Altschul, Thomas L. Madden, Alejandro A.
Schaffer, Jinghui Zhang, Zheng Zhang, Webb Miller, and David J.
Lipman (1997), "Gapped BLAST and PSI-BLAST: a new generation of
protein database search programs", Nucleic Acids Res. 25:3389-3402.



Reference for composition-based statistics: Alejandro A. Schaffer,
L. Aravind, Thomas L. Madden, Sergei Shavirin, John L. Spouge, Yuri
I. Wolf, Eugene V. Koonin, and Stephen F. Altschul (2001),
"Improving the accuracy of PSI-BLAST protein database searches with
composition-based statistics and other refinements", Nucleic Acids
Res. 29:2994-3005.



Database: DRAMP.fa
           18,013 sequences; 517,387 total letters



Query= TT

Length=32
                                                                      Score     E
Sequences producing significant alignments:                          (Bits)  Value

  DRAMP00002                                                          65.9    2e-13
  DRAMP05601                                                          63.5    1e-12
  DRAMP02442                                                          63.2    1e-12
  DRAMP00048                                                          62.0    3e-12
  DRAMP00038                                                          37.0    1e-04
  DRAMP00054                                                          36.6    1e-04
  DRAMP00037                                                          35.8    2e-04
  DRAMP00053                                                          35.4    3e-04
  DRAMP05599                                                          34.3    7e-04
  DRAMP00036                                                          34.3    7e-04
  DRAMP02443                                                          33.5    0.001
  DRAMP00014                                                          26.6    0.14 


> DRAMP00002
Length=32

 Score = 65.9 bits (159),  Expect = 2e-13, Method: Compositional matrix adjust.
 Identities = 32/32 (100%), Positives = 32/32 (100%), Gaps = 0/32 (0%)

Query  1   WKSESVCTPGCVTGLLQTCFLQTITCNCKISK  32
           WKSESVCTPGCVTGLLQTCFLQTITCNCKISK
Sbjct  1   WKSESVCTPGCVTGLLQTCFLQTITCNCKISK  32


> DRAMP05601
Length=56

 Score = 63.5 bits (153),  Expect = 1e-12, Method: Compositional matrix adjust.
 Identities = 29/32 (91%), Positives = 31/32 (97%), Gaps = 0/32 (0%)

Query  1   WKSESVCTPGCVTGLLQTCFLQTITCNCKISK  32
           WKSES+CTPGCVTG LQTCFLQT+TCNCKISK
Sbjct  25  WKSESLCTPGCVTGALQTCFLQTLTCNCKISK  56


> DRAMP02442
Length=32

 Score = 63.2 bits (152),  Expect = 1e-12, Method: Compositional matrix adjust.
 Identities = 30/32 (94%), Positives = 31/32 (97%), Gaps = 0/32 (0%)

Query  1   WKSESVCTPGCVTGLLQTCFLQTITCNCKISK  32
           WKSESVCTPGCVTG+LQTCFLQTITCNC ISK
Sbjct  1   WKSESVCTPGCVTGVLQTCFLQTITCNCHISK  32


> DRAMP00048
Length=32

 Score = 62.0 bits (149),  Expect = 3e-12, Method: Compositional matrix adjust.
 Identities = 29/32 (91%), Positives = 31/32 (97%), Gaps = 0/32 (0%)

Query  1   WKSESVCTPGCVTGLLQTCFLQTITCNCKISK  32
           WKSES+CTPGCVTG LQTCFLQT+TCNCKISK
Sbjct  1   WKSESLCTPGCVTGALQTCFLQTLTCNCKISK  32


> DRAMP00038
Length=31

 Score = 37.0 bits (84),  Expect = 1e-04, Method: Compositional matrix adjust.
 Identities = 17/29 (59%), Positives = 21/29 (73%), Gaps = 0/29 (0%)

Query  3   SESVCTPGCVTGLLQTCFLQTITCNCKIS  31
           S+S+CTPGC TG+L TC L+T TC C   
Sbjct  3   SKSLCTPGCKTGILMTCPLKTATCGCHFG  31


> DRAMP00054
Length=34

 Score = 36.6 bits (83),  Expect = 1e-04, Method: Compositional matrix adjust.
 Identities = 17/28 (61%), Positives = 21/28 (75%), Gaps = 0/28 (0%)

Query  3   SESVCTPGCVTGLLQTCFLQTITCNCKI  30
           S S+CTPGC TG+L  C L+T TCNC +
Sbjct  3   SISLCTPGCKTGVLMGCNLKTATCNCSV  30


> DRAMP00037
Length=34

 Score = 35.8 bits (81),  Expect = 2e-04, Method: Compositional matrix adjust.
 Identities = 17/28 (61%), Positives = 20/28 (72%), Gaps = 0/28 (0%)

Query  3   SESVCTPGCVTGLLQTCFLQTITCNCKI  30
           S S+CTPGC TG L  C ++T TCNC I
Sbjct  3   SISLCTPGCKTGALMGCNMKTATCNCSI  30


> DRAMP00053
Length=34

 Score = 35.4 bits (80),  Expect = 3e-04, Method: Compositional matrix adjust.
 Identities = 16/28 (58%), Positives = 20/28 (72%), Gaps = 0/28 (0%)

Query  3   SESVCTPGCVTGLLQTCFLQTITCNCKI  30
           S S+CTPGC TG L  C ++T TCNC +
Sbjct  3   SISLCTPGCKTGALMGCNMKTATCNCSV  30


> DRAMP05599
Length=34

 Score = 34.3 bits (77),  Expect = 7e-04, Method: Compositional matrix adjust.
 Identities = 16/28 (58%), Positives = 20/28 (72%), Gaps = 0/28 (0%)

Query  3   SESVCTPGCVTGLLQTCFLQTITCNCKI  30
           S S+CTPGC TG L  C ++T TC+C I
Sbjct  3   SISLCTPGCKTGALMGCNMKTATCHCSI  30


> DRAMP00036
Length=34

 Score = 34.3 bits (77),  Expect = 7e-04, Method: Compositional matrix adjust.
 Identities = 16/28 (58%), Positives = 20/28 (72%), Gaps = 0/28 (0%)

Query  3   SESVCTPGCVTGLLQTCFLQTITCNCKI  30
           S S+CTPGC TG L  C ++T TC+C I
Sbjct  3   SISLCTPGCKTGALMGCNMKTATCHCSI  30


> DRAMP02443
Length=29

 Score = 33.5 bits (75),  Expect = 0.001, Method: Compositional matrix adjust.
 Identities = 14/19 (74%), Positives = 18/19 (95%), Gaps = 0/19 (0%)

Query  3   SESVCTPGCVTGLLQTCFL  21
           S+S+CTPGC+TG LQTC+L
Sbjct  3   SKSLCTPGCITGPLQTCYL  21


> DRAMP00014
Length=33

 Score = 26.6 bits (57),  Expect = 0.14, Method: Compositional matrix adjust.
 Identities = 14/27 (52%), Positives = 20/27 (75%), Gaps = 3/27 (11%)

Query  3   SESVCTPGCVTGLLQTCFLQT--ITCN  27
           S+S+CTPGC+TG+L  C  Q   ++CN
Sbjct  3   SKSLCTPGCITGVLM-CLTQNSCVSCN  28



Lambda     K      H
   0.325    0.134    0.481 

Gapped
Lambda     K      H
   0.267   0.0410    0.140 

Effective search space used: 13437092


  Database: DRAMP.fa
    Posted date:  Oct 26, 2013  5:02 PM
  Number of letters in database: 517,387
  Number of sequences in database:  18,013



Matrix: BLOSUM62
Gap Penalties: Existence: 11, Extension: 1
Neighboring words threshold: 11
Window for multiple hits: 40
