BLASTP 2.2.25+


Reference: Stephen F. Altschul, Thomas L. Madden, Alejandro A.
Schaffer, Jinghui Zhang, Zheng Zhang, Webb Miller, and David J.
Lipman (1997), "Gapped BLAST and PSI-BLAST: a new generation of
protein database search programs", Nucleic Acids Res. 25:3389-3402.



Reference for composition-based statistics: Alejandro A. Schaffer,
L. Aravind, Thomas L. Madden, Sergei Shavirin, John L. Spouge, Yuri
I. Wolf, Eugene V. Koonin, and Stephen F. Altschul (2001),
"Improving the accuracy of PSI-BLAST protein database searches with
composition-based statistics and other refinements", Nucleic Acids
Res. 29:2994-3005.



Database: DRAMP.fa
           18,013 sequences; 517,387 total letters



Query= 1

Length=15
                                                                      Score     E
Sequences producing significant alignments:                          (Bits)  Value

  DRAMP00001                                                          35.0    3e-04
  DRAMP00043                                                          31.6    0.003
  DRAMP00045                                                          31.6    0.003
  DRAMP00044                                                          31.6    0.003
  DRAMP00006                                                          30.8    0.004
  DRAMP00049                                                          28.9    0.017
  DRAMP00027                                                          28.5    0.023
  DRAMP00032                                                          28.1    0.024
  DRAMP00052                                                          27.3    0.049
  DRAMP00030                                                          26.9    0.068
  DRAMP00029                                                          26.9    0.068
  DRAMP00016                                                          23.1    0.92 


> DRAMP00001
Length=25

 Score = 35.0 bits (79),  Expect = 3e-04, Method: Compositional matrix adjust.
 Identities = 15/15 (100%), Positives = 15/15 (100%), Gaps = 0/15 (0%)

Query  1   GSGVIPTISHECHMN  15
           GSGVIPTISHECHMN
Sbjct  1   GSGVIPTISHECHMN  15


> DRAMP00043
Length=27

 Score = 31.6 bits (70),  Expect = 0.003, Method: Compositional matrix adjust.
 Identities = 12/14 (86%), Positives = 14/14 (100%), Gaps = 0/14 (0%)

Query  2   SGVIPTISHECHMN  15
           SGVIPT+SH+CHMN
Sbjct  4   SGVIPTVSHDCHMN  17


> DRAMP00045
Length=27

 Score = 31.6 bits (70),  Expect = 0.003, Method: Compositional matrix adjust.
 Identities = 12/14 (86%), Positives = 14/14 (100%), Gaps = 0/14 (0%)

Query  2   SGVIPTISHECHMN  15
           SGVIPT+SH+CHMN
Sbjct  4   SGVIPTVSHDCHMN  17


> DRAMP00044
Length=27

 Score = 31.6 bits (70),  Expect = 0.003, Method: Compositional matrix adjust.
 Identities = 12/14 (86%), Positives = 14/14 (100%), Gaps = 0/14 (0%)

Query  2   SGVIPTISHECHMN  15
           SGVIPT+SH+CHMN
Sbjct  4   SGVIPTVSHDCHMN  17


> DRAMP00006
Length=25

 Score = 30.8 bits (68),  Expect = 0.004, Method: Compositional matrix adjust.
 Identities = 13/15 (87%), Positives = 14/15 (94%), Gaps = 0/15 (0%)

Query  1   GSGVIPTISHECHMN  15
           G+GVI TISHECHMN
Sbjct  1   GNGVIKTISHECHMN  15


> DRAMP00049
Length=27

 Score = 28.9 bits (63),  Expect = 0.017, Method: Compositional matrix adjust.
 Identities = 13/15 (87%), Positives = 14/15 (94%), Gaps = 0/15 (0%)

Query  1   GSGVIPTISHECHMN  15
           GSGVI TISHEC+MN
Sbjct  3   GSGVIHTISHECNMN  17


> DRAMP00027
Length=25

 Score = 28.5 bits (62),  Expect = 0.023, Method: Compositional matrix adjust.
 Identities = 12/15 (80%), Positives = 12/15 (80%), Gaps = 0/15 (0%)

Query  1   GSGVIPTISHECHMN  15
           G GVI TISHEC MN
Sbjct  1   GGGVIQTISHECRMN  15


> DRAMP00032
Length=24

 Score = 28.1 bits (61),  Expect = 0.024, Method: Compositional matrix adjust.
 Identities = 11/15 (74%), Positives = 14/15 (94%), Gaps = 0/15 (0%)

Query  1   GSGVIPTISHECHMN  15
           G+GV+ TISHEC+MN
Sbjct  1   GNGVLKTISHECNMN  15


> DRAMP00052
Length=27

 Score = 27.3 bits (59),  Expect = 0.049, Method: Compositional matrix adjust.
 Identities = 9/15 (60%), Positives = 12/15 (80%), Gaps = 0/15 (0%)

Query  1   GSGVIPTISHECHMN  15
             GV+PT+S+EC MN
Sbjct  4   WQGVVPTVSYECRMN  18


> DRAMP00030
Length=26

 Score = 26.9 bits (58),  Expect = 0.068, Method: Compositional matrix adjust.
 Identities = 10/14 (72%), Positives = 12/14 (86%), Gaps = 0/14 (0%)

Query  2   SGVIPTISHECHMN  15
           +GV  TISHECH+N
Sbjct  3   NGVFKTISHECHLN  16


> DRAMP00029
Length=26

 Score = 26.9 bits (58),  Expect = 0.068, Method: Compositional matrix adjust.
 Identities = 10/14 (72%), Positives = 12/14 (86%), Gaps = 0/14 (0%)

Query  2   SGVIPTISHECHMN  15
           +GV  TISHECH+N
Sbjct  3   NGVFKTISHECHLN  16


> DRAMP00016
Length=24

 Score = 23.1 bits (48),  Expect = 0.92, Method: Compositional matrix adjust.
 Identities = 7/14 (50%), Positives = 13/14 (93%), Gaps = 0/14 (0%)

Query  1   GSGVIPTISHECHM  14
           G+GV+ T++HEC++
Sbjct  1   GNGVVLTLTHECNL  14



Lambda     K      H
   0.318    0.134    0.444 

Gapped
Lambda     K      H
   0.267   0.0410    0.140 

Effective search space used: 7760805


  Database: DRAMP.fa
    Posted date:  Oct 26, 2013  5:02 PM
  Number of letters in database: 517,387
  Number of sequences in database:  18,013



Matrix: BLOSUM62
Gap Penalties: Existence: 11, Extension: 1
Neighboring words threshold: 11
Window for multiple hits: 40
