BLASTP 2.2.25+


Reference: Stephen F. Altschul, Thomas L. Madden, Alejandro A.
Schaffer, Jinghui Zhang, Zheng Zhang, Webb Miller, and David J.
Lipman (1997), "Gapped BLAST and PSI-BLAST: a new generation of
protein database search programs", Nucleic Acids Res. 25:3389-3402.



Reference for composition-based statistics: Alejandro A. Schaffer,
L. Aravind, Thomas L. Madden, Sergei Shavirin, John L. Spouge, Yuri
I. Wolf, Eugene V. Koonin, and Stephen F. Altschul (2001),
"Improving the accuracy of PSI-BLAST protein database searches with
composition-based statistics and other refinements", Nucleic Acids
Res. 29:2994-3005.



Database: DRAMP.fa
           18,013 sequences; 517,387 total letters



Query= DDDC

Length=32
                                                                      Score     E
Sequences producing significant alignments:                          (Bits)  Value

  DRAMP00012                                                          65.5    3e-13
  DRAMP00018                                                          32.7    0.002
  DRAMP00020                                                          32.3    0.003
  DRAMP00010                                                          32.0    0.003
  DRAMP00008                                                          30.8    0.007
  DRAMP00022                                                          28.1    0.052
  DRAMP01201                                                          21.6    4.1  
  DRAMP02079                                                          20.4    9.4  


> DRAMP00012
Length=32

 Score = 65.5 bits (158),  Expect = 3e-13, Method: Compositional matrix adjust.
 Identities = 32/32 (100%), Positives = 32/32 (100%), Gaps = 0/32 (0%)

Query  1   TITLSTCAILSKPLGNNGYLCTVTKECMPSCN  32
           TITLSTCAILSKPLGNNGYLCTVTKECMPSCN
Sbjct  1   TITLSTCAILSKPLGNNGYLCTVTKECMPSCN  32


> DRAMP00018
Length=32

 Score = 32.7 bits (73),  Expect = 0.002, Method: Compositional matrix adjust.
 Identities = 14/23 (61%), Positives = 17/23 (74%), Gaps = 0/23 (0%)

Query  10  LSKPLGNNGYLCTVTKECMPSCN  32
            S  LGN GY+CTVT ECM +C+
Sbjct  9   FSIVLGNKGYICTVTVECMRNCS  31


> DRAMP00020
Length=28

 Score = 32.3 bits (72),  Expect = 0.003, Method: Compositional matrix adjust.
 Identities = 15/23 (66%), Positives = 17/23 (74%), Gaps = 0/23 (0%)

Query  10  LSKPLGNNGYLCTVTKECMPSCN  32
           +S  LGN G  CT+T ECMPSCN
Sbjct  6   ISCRLGNKGAYCTLTVECMPSCN  28


> DRAMP00010
Length=29

 Score = 32.0 bits (71),  Expect = 0.003, Method: Compositional matrix adjust.
 Identities = 13/23 (57%), Positives = 18/23 (79%), Gaps = 0/23 (0%)

Query  10  LSKPLGNNGYLCTVTKECMPSCN  32
           +S  LGNNG++CT++ EC  SCN
Sbjct  7   ISCDLGNNGHVCTLSHECQVSCN  29


> DRAMP00008
Length=30

 Score = 30.8 bits (68),  Expect = 0.007, Method: Compositional matrix adjust.
 Identities = 13/22 (60%), Positives = 14/22 (64%), Gaps = 0/22 (0%)

Query  10  LSKPLGNNGYLCTVTKECMPSC  31
           LS   GNNG  CT+T ECM  C
Sbjct  8   LSDYWGNNGAWCTLTHECMAWC  29


> DRAMP00022
Length=30

 Score = 28.1 bits (61),  Expect = 0.052, Method: Compositional matrix adjust.
 Identities = 12/22 (55%), Positives = 12/22 (55%), Gaps = 0/22 (0%)

Query  10  LSKPLGNNGYLCTVTKECMPSC  31
           LS   GN G  CT T ECM  C
Sbjct  8   LSDYWGNKGNWCTATHECMSWC  29


> DRAMP01201
Length=17

 Score = 21.6 bits (44),  Expect = 4.1, Method: Compositional matrix adjust.
 Identities = 6/17 (36%), Positives = 10/17 (59%), Gaps = 0/17 (0%)

Query  11  SKPLGNNGYLCTVTKEC  27
           + P G  G+ C + K+C
Sbjct  1   AAPRGGKGFFCKLFKDC  17


> DRAMP02079
Length=17

 Score = 20.4 bits (41),  Expect = 9.4, Method: Compositional matrix adjust.
 Identities = 8/15 (54%), Positives = 10/15 (67%), Gaps = 0/15 (0%)

Query  13  PLGNNGYLCTVTKEC  27
           PL    + CTVTK+C
Sbjct  3   PLLAASFACTVTKKC  17



Lambda     K      H
   0.319    0.132    0.429 

Gapped
Lambda     K      H
   0.267   0.0410    0.140 

Effective search space used: 13437092


  Database: DRAMP.fa
    Posted date:  Oct 26, 2013  5:02 PM
  Number of letters in database: 517,387
  Number of sequences in database:  18,013



Matrix: BLOSUM62
Gap Penalties: Existence: 11, Extension: 1
Neighboring words threshold: 11
Window for multiple hits: 40
